<?xml version="1.0" encoding="UTF-8"?>
<!-- Generated by org.testng.reporters.JUnitXMLReporter -->
<testsuite ignored="0" hostname="MSI" failures="0" tests="11" name="Default test" time="3.483" errors="0" timestamp="2024-08-19T12:49:44 IST">
  <testcase classname="baseBestBuy.BaseClassBB" name="@BeforeMethod start" time="2.497">
    <failure type="org.openqa.selenium.WebDriverException" message="unknown error: net::ERR_INTERNET_DISCONNECTED
  (Session info: chrome=127.0.6533.120)
Build info: version: &amp;apos;4.11.0&amp;apos;, revision: &amp;apos;040bc5406b&amp;apos;
System info: os.name: &amp;apos;Windows 11&amp;apos;, os.arch: &amp;apos;amd64&amp;apos;, os.version: &amp;apos;10.0&amp;apos;, java.version: &amp;apos;18.0.1.1&amp;apos;
Driver info: org.openqa.selenium.chrome.ChromeDriver
Command: [581ca0d2b7a275241f18535208612b42, get {url=https://www.bestbuy.com/}]
Capabilities {acceptInsecureCerts: false, browserName: chrome, browserVersion: 127.0.6533.120, chrome: {chromedriverVersion: 127.0.6533.119 (bdef6783a05..., userDataDir: C:\Users\prash\AppData\Loca...}, fedcm:accounts: true, goog:chromeOptions: {debuggerAddress: localhost:50359}, networkConnectionEnabled: false, pageLoadStrategy: normal, platformName: windows, proxy: Proxy(), se:cdp: ws://localhost:50359/devtoo..., se:cdpVersion: 127.0.6533.120, setWindowRect: true, strictFileInteractability: false, timeouts: {implicit: 0, pageLoad: 300000, script: 30000}, unhandledPromptBehavior: dismiss and notify, webauthn:extension:credBlob: true, webauthn:extension:largeBlob: true, webauthn:extension:minPinLength: true, webauthn:extension:prf: true, webauthn:virtualAuthenticators: true}
Session ID: 581ca0d2b7a275241f18535208612b42">
      <![CDATA[org.openqa.selenium.WebDriverException: unknown error: net::ERR_INTERNET_DISCONNECTED
  (Session info: chrome=127.0.6533.120)
Build info: version: '4.11.0', revision: '040bc5406b'
System info: os.name: 'Windows 11', os.arch: 'amd64', os.version: '10.0', java.version: '18.0.1.1'
Driver info: org.openqa.selenium.chrome.ChromeDriver
Command: [581ca0d2b7a275241f18535208612b42, get {url=https://www.bestbuy.com/}]
Capabilities {acceptInsecureCerts: false, browserName: chrome, browserVersion: 127.0.6533.120, chrome: {chromedriverVersion: 127.0.6533.119 (bdef6783a05..., userDataDir: C:\Users\prash\AppData\Loca...}, fedcm:accounts: true, goog:chromeOptions: {debuggerAddress: localhost:50359}, networkConnectionEnabled: false, pageLoadStrategy: normal, platformName: windows, proxy: Proxy(), se:cdp: ws://localhost:50359/devtoo..., se:cdpVersion: 127.0.6533.120, setWindowRect: true, strictFileInteractability: false, timeouts: {implicit: 0, pageLoad: 300000, script: 30000}, unhandledPromptBehavior: dismiss and notify, webauthn:extension:credBlob: true, webauthn:extension:largeBlob: true, webauthn:extension:minPinLength: true, webauthn:extension:prf: true, webauthn:virtualAuthenticators: true}
Session ID: 581ca0d2b7a275241f18535208612b42
at java.base/jdk.internal.reflect.DirectConstructorHandleAccessor.newInstance(DirectConstructorHandleAccessor.java:67)
at java.base/java.lang.reflect.Constructor.newInstanceWithCaller(Constructor.java:499)
at java.base/java.lang.reflect.Constructor.newInstance(Constructor.java:483)
at org.openqa.selenium.remote.codec.w3c.W3CHttpResponseCodec.createException(W3CHttpResponseCodec.java:200)
at org.openqa.selenium.remote.codec.w3c.W3CHttpResponseCodec.decode(W3CHttpResponseCodec.java:133)
at org.openqa.selenium.remote.codec.w3c.W3CHttpResponseCodec.decode(W3CHttpResponseCodec.java:52)
at org.openqa.selenium.remote.HttpCommandExecutor.execute(HttpCommandExecutor.java:191)
at org.openqa.selenium.remote.service.DriverCommandExecutor.invokeExecute(DriverCommandExecutor.java:196)
at org.openqa.selenium.remote.service.DriverCommandExecutor.execute(DriverCommandExecutor.java:171)
at org.openqa.selenium.remote.RemoteWebDriver.execute(RemoteWebDriver.java:518)
at org.openqa.selenium.remote.RemoteWebDriver.get(RemoteWebDriver.java:300)
at utilsBestBuy.UtilsBB.getApplication(UtilsBB.java:96)
at baseBestBuy.BaseClassBB.start(BaseClassBB.java:35)
at java.base/jdk.internal.reflect.DirectMethodHandleAccessor.invoke(DirectMethodHandleAccessor.java:104)
at java.base/java.lang.reflect.Method.invoke(Method.java:577)
at org.testng.internal.MethodInvocationHelper.invokeMethod(MethodInvocationHelper.java:133)
at org.testng.internal.MethodInvocationHelper.invokeMethodConsideringTimeout(MethodInvocationHelper.java:62)
at org.testng.internal.ConfigInvoker.invokeConfigurationMethod(ConfigInvoker.java:385)
at org.testng.internal.ConfigInvoker.invokeConfigurations(ConfigInvoker.java:321)
at org.testng.internal.TestInvoker.runConfigMethods(TestInvoker.java:700)
at org.testng.internal.TestInvoker.invokeMethod(TestInvoker.java:527)
at org.testng.internal.TestInvoker.invokeTestMethod(TestInvoker.java:173)
at org.testng.internal.MethodRunner.runInSequence(MethodRunner.java:46)
at org.testng.internal.TestInvoker$MethodInvocationAgent.invoke(TestInvoker.java:824)
at org.testng.internal.TestInvoker.invokeTestMethods(TestInvoker.java:146)
at org.testng.internal.TestMethodWorker.invokeTestMethods(TestMethodWorker.java:146)
at org.testng.internal.TestMethodWorker.run(TestMethodWorker.java:128)
at java.base/java.util.ArrayList.forEach(ArrayList.java:1511)
at org.testng.TestRunner.privateRun(TestRunner.java:794)
at org.testng.TestRunner.run(TestRunner.java:596)
at org.testng.SuiteRunner.runTest(SuiteRunner.java:377)
at org.testng.SuiteRunner.runSequentially(SuiteRunner.java:371)
at org.testng.SuiteRunner.privateRun(SuiteRunner.java:332)
at org.testng.SuiteRunner.run(SuiteRunner.java:276)
at org.testng.SuiteRunnerWorker.runSuite(SuiteRunnerWorker.java:53)
at org.testng.SuiteRunnerWorker.run(SuiteRunnerWorker.java:96)
at org.testng.TestNG.runSuitesSequentially(TestNG.java:1212)
at org.testng.TestNG.runSuitesLocally(TestNG.java:1134)
at org.testng.TestNG.runSuites(TestNG.java:1063)
at org.testng.TestNG.run(TestNG.java:1031)
at org.testng.remote.AbstractRemoteTestNG.run(AbstractRemoteTestNG.java:115)
at org.testng.remote.RemoteTestNG.initAndRun(RemoteTestNG.java:293)
at org.testng.remote.RemoteTestNG.main(RemoteTestNG.java:91)
]]>
    </failure>
  </testcase> <!-- @BeforeMethod start -->
  <testcase classname="baseBestBuy.BaseClassBB" name="@AfterMethod close" time="-1.724051984439E9">
    <skipped/>
  </testcase> <!-- @AfterMethod close -->
  <testcase classname="baseBestBuy.BaseClassBB" name="@BeforeMethod start" time="-1.72405198444E9">
    <skipped/>
  </testcase> <!-- @BeforeMethod start -->
  <testcase classname="baseBestBuy.BaseClassBB" name="@AfterMethod close" time="-1.724051984445E9">
    <skipped/>
  </testcase> <!-- @AfterMethod close -->
  <testcase classname="baseBestBuy.BaseClassBB" name="@BeforeMethod start" time="-1.724051984446E9">
    <skipped/>
  </testcase> <!-- @BeforeMethod start -->
  <testcase classname="baseBestBuy.BaseClassBB" name="@AfterMethod close" time="-1.724051984449E9">
    <skipped/>
  </testcase> <!-- @AfterMethod close -->
  <testcase classname="baseBestBuy.BaseClassBB" name="@BeforeMethod start" time="-1.72405198445E9">
    <skipped/>
  </testcase> <!-- @BeforeMethod start -->
  <testcase classname="baseBestBuy.BaseClassBB" name="@AfterMethod close" time="-1.724051984452E9">
    <skipped/>
  </testcase> <!-- @AfterMethod close -->
  <testcase classname="baseBestBuy.BaseClassBB" name="@BeforeMethod start" time="-1.724051984453E9">
    <skipped/>
  </testcase> <!-- @BeforeMethod start -->
  <testcase classname="baseBestBuy.BaseClassBB" name="@AfterMethod close" time="-1.724051984458E9">
    <skipped/>
  </testcase> <!-- @AfterMethod close -->
  <testcase classname="baseBestBuy.BaseClassBB" name="@BeforeMethod start" time="-1.72405198446E9">
    <skipped/>
  </testcase> <!-- @BeforeMethod start -->
  <testcase classname="baseBestBuy.BaseClassBB" name="@AfterMethod close" time="-1.724051984466E9">
    <skipped/>
  </testcase> <!-- @AfterMethod close -->
  <testcase classname="baseBestBuy.BaseClassBB" name="@BeforeMethod start" time="-1.724051984467E9">
    <skipped/>
  </testcase> <!-- @BeforeMethod start -->
  <testcase classname="baseBestBuy.BaseClassBB" name="@AfterMethod close" time="-1.724051984471E9">
    <skipped/>
  </testcase> <!-- @AfterMethod close -->
  <testcase classname="baseBestBuy.BaseClassBB" name="@BeforeMethod start" time="-1.724051984471E9">
    <skipped/>
  </testcase> <!-- @BeforeMethod start -->
  <testcase classname="baseBestBuy.BaseClassBB" name="@AfterMethod close" time="-1.724051984477E9">
    <skipped/>
  </testcase> <!-- @AfterMethod close -->
  <testcase classname="baseBestBuy.BaseClassBB" name="@BeforeMethod start" time="-1.72405198448E9">
    <skipped/>
  </testcase> <!-- @BeforeMethod start -->
  <testcase classname="baseBestBuy.BaseClassBB" name="@AfterMethod close" time="-1.724051984484E9">
    <skipped/>
  </testcase> <!-- @AfterMethod close -->
  <testcase classname="baseBestBuy.BaseClassBB" name="@BeforeMethod start" time="-1.724051984485E9">
    <skipped/>
  </testcase> <!-- @BeforeMethod start -->
  <testcase classname="baseBestBuy.BaseClassBB" name="@AfterMethod close" time="-1.724051984487E9">
    <skipped/>
  </testcase> <!-- @AfterMethod close -->
  <testcase classname="baseBestBuy.BaseClassBB" name="@BeforeMethod start" time="-1.724051984488E9">
    <skipped/>
  </testcase> <!-- @BeforeMethod start -->
  <testcase classname="baseBestBuy.BaseClassBB" name="@AfterMethod close" time="-1.72405198449E9">
    <skipped/>
  </testcase> <!-- @AfterMethod close -->
  <testcase classname="testCaseBestBuy.TC_03_CreatAccountFunctionality" name="tc_03_validateCreatAccountFunctionality" time="0.0">
    <skipped/>
  </testcase> <!-- tc_03_validateCreatAccountFunctionality -->
  <testcase classname="testCaseBestBuy.TC_03_CreatAccountFunctionality" name="tc_03_validateCreatAccountFunctionality" time="0.0">
    <skipped/>
  </testcase> <!-- tc_03_validateCreatAccountFunctionality -->
  <testcase classname="testCaseBestBuy.TC_03_CreatAccountFunctionality" name="tc_03_validateCreatAccountFunctionality" time="0.0">
    <skipped/>
  </testcase> <!-- tc_03_validateCreatAccountFunctionality -->
  <testcase classname="testCaseBestBuy.TC_03_CreatAccountFunctionality" name="tc_03_validateCreatAccountFunctionality" time="0.0">
    <skipped/>
  </testcase> <!-- tc_03_validateCreatAccountFunctionality -->
  <testcase classname="testCaseBestBuy.TC_03_CreatAccountFunctionality" name="tc_03_validateCreatAccountFunctionality" time="0.0">
    <skipped/>
  </testcase> <!-- tc_03_validateCreatAccountFunctionality -->
  <testcase classname="testCaseBestBuy.TC_03_CreatAccountFunctionality" name="tc_03_validateCreatAccountFunctionality" time="0.0">
    <skipped/>
  </testcase> <!-- tc_03_validateCreatAccountFunctionality -->
  <testcase classname="testCaseBestBuy.TC_03_CreatAccountFunctionality" name="tc_03_validateCreatAccountFunctionality" time="0.0">
    <skipped/>
  </testcase> <!-- tc_03_validateCreatAccountFunctionality -->
  <testcase classname="testCaseBestBuy.TC_03_CreatAccountFunctionality" name="tc_03_validateCreatAccountFunctionality" time="0.0">
    <skipped/>
  </testcase> <!-- tc_03_validateCreatAccountFunctionality -->
  <testcase classname="testCaseBestBuy.TC_03_CreatAccountFunctionality" name="tc_03_validateCreatAccountFunctionality" time="0.0">
    <skipped/>
  </testcase> <!-- tc_03_validateCreatAccountFunctionality -->
  <testcase classname="testCaseBestBuy.TC_03_CreatAccountFunctionality" name="tc_03_validateCreatAccountFunctionality" time="0.0">
    <skipped/>
  </testcase> <!-- tc_03_validateCreatAccountFunctionality -->
  <testcase classname="testCaseBestBuy.TC_03_CreatAccountFunctionality" name="tc_03_validateCreatAccountFunctionality" time="0.0">
    <skipped/>
  </testcase> <!-- tc_03_validateCreatAccountFunctionality -->
</testsuite> <!-- Default test -->
